2025-12-02 23:54:09,241 - ai_trader - INFO - AI ETF Trader 启动中...
2025-12-02 23:54:09,243 - ai_trader - INFO - 每日任务开始: 2025-12-02 23:54:09
2025-12-02 23:54:09,243 - ai_trader - INFO - 获取 510050 数据
2025-12-02 23:54:09,245 - ai_trader - INFO - 正在获取 510050 的数据...
2025-12-02 23:54:10,190 - ai_trader - INFO - 成功获取 510050 数据（尝试1）：464 条
2025-12-02 23:54:11,939 - ai_trader - INFO - 已增量更新 510050 数据: 1 条新记录
2025-12-02 23:54:13,464 - ai_trader - INFO - 生成 510050 的AI决策
2025-12-02 23:54:17,686 - ai_trader - INFO - 510050 AI决策: hold 置信度: 0.65
2025-12-02 23:54:17,686 - ai_trader - INFO - 获取 159915 数据
2025-12-02 23:54:17,689 - ai_trader - INFO - 正在获取 159915 的数据...
2025-12-02 23:54:18,074 - ai_trader - INFO - 成功获取 159915 数据（尝试1）：464 条
2025-12-02 23:54:19,366 - ai_trader - INFO - 已增量更新 159915 数据: 1 条新记录
2025-12-02 23:54:20,880 - ai_trader - INFO - 生成 159915 的AI决策
2025-12-02 23:54:23,414 - ai_trader - INFO - 159915 AI决策: hold 置信度: 0.65
2025-12-02 23:54:23,415 - ai_trader - INFO - 获取 510300 数据
2025-12-02 23:54:23,417 - ai_trader - INFO - 正在获取 510300 的数据...
2025-12-02 23:54:23,781 - ai_trader - INFO - 成功获取 510300 数据（尝试1）：464 条
2025-12-02 23:54:25,661 - ai_trader - INFO - 已增量更新 510300 数据: 1 条新记录
2025-12-02 23:54:27,173 - ai_trader - INFO - 生成 510300 的AI决策
2025-12-02 23:54:29,698 - ai_trader - INFO - 510300 AI决策: hold 置信度: 0.65
2025-12-02 23:54:29,706 - ai_trader - INFO - 检查止损止盈
2025-12-02 23:54:29,707 - ai_trader - INFO - 当前总资产(含持仓): 80025.50 元
2025-12-02 23:54:29,709 - ai_trader - INFO - 每日任务结束
2025-12-02 23:54:29,724 - ai_trader - INFO - 定时任务已启动 (每天 15:30 执行)
2025-12-11 22:01:39,361 - ai_trader - INFO - AI ETF Trader 启动中...
2025-12-11 22:01:39,363 - ai_trader - INFO - 每日任务开始: 2025-12-11 22:01:39
2025-12-11 22:01:39,365 - ai_trader - INFO - 获取 510050 数据
2025-12-11 22:01:39,367 - ai_trader - INFO - 正在获取 510050 的数据...
2025-12-11 22:01:41,251 - ai_trader - INFO - 成功获取 510050 数据（尝试1）：464 条
2025-12-11 22:01:42,832 - ai_trader - INFO - 已增量更新 510050 数据: 7 条新记录
2025-12-11 22:01:44,333 - ai_trader - INFO - 生成 510050 的AI决策
2025-12-11 22:01:49,002 - ai_trader - INFO - 510050 AI决策: hold 置信度: 0.65
2025-12-11 22:01:49,003 - ai_trader - INFO - 获取 159915 数据
2025-12-11 22:01:49,005 - ai_trader - INFO - 正在获取 159915 的数据...
2025-12-11 22:01:50,186 - ai_trader - INFO - 成功获取 159915 数据（尝试1）：464 条
2025-12-11 22:01:52,108 - ai_trader - INFO - 已增量更新 159915 数据: 7 条新记录
2025-12-11 22:01:53,619 - ai_trader - INFO - 生成 159915 的AI决策
2025-12-11 22:01:57,546 - ai_trader - INFO - 159915 AI决策: hold 置信度: 0.65
2025-12-11 22:01:57,549 - ai_trader - INFO - 获取 510300 数据
2025-12-11 22:01:57,551 - ai_trader - INFO - 正在获取 510300 的数据...
2025-12-11 22:01:58,270 - ai_trader - INFO - 成功获取 510300 数据（尝试1）：464 条
2025-12-11 22:01:59,845 - ai_trader - INFO - 已增量更新 510300 数据: 7 条新记录
2025-12-11 22:02:01,361 - ai_trader - INFO - 生成 510300 的AI决策
2025-12-11 22:02:04,308 - ai_trader - INFO - 510300 AI决策: hold 置信度: 0.65
2025-12-11 22:02:04,315 - ai_trader - INFO - 检查止损止盈
2025-12-11 22:02:04,317 - ai_trader - INFO - 当前总资产(含持仓): 80025.50 元
2025-12-11 22:02:04,319 - ai_trader - INFO - 每日任务结束
2025-12-11 22:02:04,336 - ai_trader - INFO - 定时任务已启动 (每天 15:30 执行)
2025-12-11 22:33:32,196 - ai_trader - INFO - AI ETF Trader 启动中...
2025-12-11 22:33:32,196 - ai_trader - INFO - 每日任务开始: 2025-12-11 22:33:32
2025-12-11 22:33:32,196 - ai_trader - INFO - 获取 510050 数据
2025-12-11 22:33:32,196 - ai_trader - INFO - 正在获取 510050 的数据...
2025-12-11 22:33:32,655 - ai_trader - INFO - 成功获取 510050 数据（尝试1）：464 条
2025-12-11 22:33:34,089 - ai_trader - INFO - 510050 数据已是最新
2025-12-11 22:33:35,595 - ai_trader - INFO - 生成 510050 的AI决策
2025-12-11 22:33:39,766 - ai_trader - INFO - 510050 AI决策: hold 置信度: 0.65
2025-12-11 22:33:39,768 - ai_trader - INFO - 获取 159915 数据
2025-12-11 22:33:39,771 - ai_trader - INFO - 正在获取 159915 的数据...
2025-12-11 22:33:40,158 - ai_trader - INFO - 成功获取 159915 数据（尝试1）：464 条
2025-12-11 22:33:42,133 - ai_trader - INFO - 159915 数据已是最新
2025-12-11 22:33:43,658 - ai_trader - INFO - 生成 159915 的AI决策
2025-12-11 22:33:46,794 - ai_trader - INFO - 159915 AI决策: buy 置信度: 0.65
2025-12-11 22:33:46,797 - ai_trader - INFO - 买入 159915: 5000.00 单位 @ 3.146, 总值: 15730.00
2025-12-11 22:33:46,840 - ai_trader - INFO - 获取 510300 数据
2025-12-11 22:33:46,844 - ai_trader - INFO - 正在获取 510300 的数据...
2025-12-11 22:33:47,741 - ai_trader - INFO - 成功获取 510300 数据（尝试1）：464 条
2025-12-11 22:33:48,800 - ai_trader - INFO - 510300 数据已是最新
2025-12-11 22:33:50,323 - ai_trader - INFO - 生成 510300 的AI决策
2025-12-11 22:33:53,446 - ai_trader - INFO - 510300 AI决策: hold 置信度: 0.65
2025-12-11 22:33:53,461 - ai_trader - INFO - 检查止损止盈
2025-12-11 22:33:53,467 - ai_trader - INFO - 当前总资产(含持仓): 80025.50 元
2025-12-11 22:33:53,470 - ai_trader - INFO - 每日任务结束
2025-12-11 22:33:53,493 - ai_trader - INFO - 定时任务已启动 (每天 15:30 执行)
2025-12-12 17:43:20,495 - ai_trader - INFO - AI ETF Trader 启动中...
2025-12-12 17:43:20,497 - ai_trader - INFO - 每日任务开始: 2025-12-12 17:43:20
2025-12-12 17:43:20,497 - ai_trader - INFO - 获取 510050 数据
2025-12-12 17:43:20,498 - ai_trader - INFO - 正在获取 510050 的数据...
2025-12-12 17:43:20,986 - ai_trader - INFO - 成功获取 510050 数据（尝试1）：464 条
2025-12-12 17:43:22,732 - ai_trader - INFO - 已增量更新 510050 数据: 1 条新记录
2025-12-12 17:43:24,235 - ai_trader - INFO - 生成 510050 的AI决策
2025-12-12 17:43:28,282 - ai_trader - INFO - 510050 AI决策: hold 置信度: 0.65
2025-12-12 17:43:28,283 - ai_trader - INFO - 获取 159915 数据
2025-12-12 17:43:28,285 - ai_trader - INFO - 正在获取 159915 的数据...
2025-12-12 17:43:28,629 - ai_trader - INFO - 成功获取 159915 数据（尝试1）：464 条
2025-12-12 17:43:29,943 - ai_trader - INFO - 已增量更新 159915 数据: 1 条新记录
2025-12-12 17:43:31,447 - ai_trader - INFO - 生成 159915 的AI决策
2025-12-12 17:43:34,663 - ai_trader - INFO - 159915 AI决策: buy 置信度: 0.65
2025-12-12 17:43:34,663 - ai_trader - INFO - 获取 510300 数据
2025-12-12 17:43:34,663 - ai_trader - INFO - 正在获取 510300 的数据...
2025-12-12 17:43:35,011 - ai_trader - INFO - 成功获取 510300 数据（尝试1）：464 条
2025-12-12 17:43:36,158 - ai_trader - INFO - 已增量更新 510300 数据: 1 条新记录
2025-12-12 17:43:37,675 - ai_trader - INFO - 生成 510300 的AI决策
2025-12-12 17:43:40,734 - ai_trader - INFO - 510300 AI决策: hold 置信度: 0.65
2025-12-12 17:43:40,739 - ai_trader - INFO - 检查止损止盈
2025-12-12 17:43:40,740 - ai_trader - INFO - 当前总资产(含持仓): 80165.50 元
2025-12-12 17:43:40,742 - ai_trader - INFO - 每日任务结束
2025-12-12 17:43:40,753 - ai_trader - INFO - 定时任务已启动 (每天 15:30 执行)
2025-12-13 21:51:03,647 - ai_trader - INFO - AI ETF Trader 启动中...
2025-12-13 21:51:03,649 - ai_trader - INFO - 每日任务开始: 2025-12-13 21:51:03
2025-12-13 21:51:03,649 - ai_trader - INFO - 获取 510050 数据
2025-12-13 21:51:03,651 - ai_trader - INFO - 正在获取 510050 的数据...
2025-12-13 21:51:04,121 - ai_trader - INFO - 成功获取 510050 数据（尝试1）：463 条
2025-12-13 21:51:05,530 - ai_trader - INFO - 510050 数据已是最新
2025-12-13 21:51:07,039 - ai_trader - INFO - 生成 510050 的AI决策
2025-12-13 21:51:11,300 - ai_trader - INFO - 510050 AI决策: sell 置信度: 0.75
2025-12-13 21:51:11,300 - ai_trader - INFO - 获取 159915 数据
2025-12-13 21:51:11,300 - ai_trader - INFO - 正在获取 159915 的数据...
2025-12-13 21:51:11,613 - ai_trader - INFO - 成功获取 159915 数据（尝试1）：463 条
2025-12-13 21:51:13,107 - ai_trader - INFO - 159915 数据已是最新
2025-12-13 21:51:14,619 - ai_trader - INFO - 生成 159915 的AI决策
2025-12-13 21:51:18,398 - ai_trader - INFO - 159915 AI决策: buy 置信度: 0.65
2025-12-13 21:51:18,398 - ai_trader - INFO - 获取 510300 数据
2025-12-13 21:51:18,414 - ai_trader - INFO - 正在获取 510300 的数据...
2025-12-13 21:51:18,849 - ai_trader - INFO - 成功获取 510300 数据（尝试1）：463 条
2025-12-13 21:51:20,758 - ai_trader - INFO - 510300 数据已是最新
2025-12-13 21:51:22,269 - ai_trader - INFO - 生成 510300 的AI决策
2025-12-13 21:51:25,548 - ai_trader - INFO - 510300 AI决策: hold 置信度: 0.65
2025-12-13 21:51:25,559 - ai_trader - INFO - 检查止损止盈
2025-12-13 21:51:25,561 - ai_trader - INFO - 当前总资产(含持仓): 80165.50 元
2025-12-13 21:51:25,564 - ai_trader - INFO - 每日任务结束
2025-12-13 21:51:25,581 - ai_trader - INFO - 定时任务已启动 (每天 15:30 执行)
2025-12-14 23:47:13,129 - ai_trader - INFO - AI ETF Trader 启动中...
2025-12-14 23:47:13,129 - ai_trader - INFO - 每日任务开始: 2025-12-14 23:47:13
2025-12-14 23:47:13,129 - ai_trader - INFO - 获取 510050 数据
2025-12-14 23:47:13,137 - ai_trader - INFO - 正在获取 510050 的数据...
2025-12-14 23:47:13,641 - ai_trader - INFO - 成功获取 510050 数据（尝试1）：463 条
2025-12-14 23:47:15,250 - ai_trader - INFO - 510050 数据已是最新
2025-12-14 23:47:16,779 - ai_trader - INFO - 生成 510050 的AI决策
2025-12-14 23:47:20,855 - ai_trader - INFO - 510050 AI决策: sell 置信度: 0.75
2025-12-14 23:47:20,855 - ai_trader - INFO - 获取 159915 数据
2025-12-14 23:47:20,865 - ai_trader - INFO - 正在获取 159915 的数据...
2025-12-14 23:47:21,852 - ai_trader - INFO - 成功获取 159915 数据（尝试1）：463 条
2025-12-14 23:47:23,215 - ai_trader - INFO - 159915 数据已是最新
2025-12-14 23:47:24,764 - ai_trader - INFO - 生成 159915 的AI决策
2025-12-14 23:47:27,597 - ai_trader - INFO - 159915 AI决策: hold 置信度: 0.65
2025-12-14 23:47:27,601 - ai_trader - INFO - 获取 510300 数据
2025-12-14 23:47:27,614 - ai_trader - INFO - 正在获取 510300 的数据...
2025-12-14 23:47:28,350 - ai_trader - INFO - 成功获取 510300 数据（尝试1）：463 条
2025-12-14 23:47:30,339 - ai_trader - INFO - 510300 数据已是最新
2025-12-14 23:47:31,875 - ai_trader - INFO - 生成 510300 的AI决策
2025-12-14 23:47:36,170 - ai_trader - INFO - 510300 AI决策: hold 置信度: 0.65
2025-12-14 23:47:36,196 - ai_trader - INFO - 检查止损止盈
2025-12-14 23:47:36,201 - ai_trader - INFO - 当前总资产(含持仓): 80165.50 元
2025-12-14 23:47:36,201 - ai_trader - INFO - 每日任务结束
2025-12-14 23:47:36,222 - ai_trader - INFO - 定时任务已启动 (每天 15:30 执行)
2025-12-15 15:53:06,416 - ai_trader - INFO - AI ETF Trader 启动中...
2025-12-15 15:53:06,418 - ai_trader - INFO - 每日任务开始: 2025-12-15 15:53:06
2025-12-15 15:53:06,419 - ai_trader - INFO - 获取 510050 数据
2025-12-15 15:53:06,421 - ai_trader - INFO - 正在获取 510050 的数据...
2025-12-15 15:53:06,802 - ai_trader - INFO - 成功获取 510050 数据（尝试1）：464 条
2025-12-15 15:53:07,880 - ai_trader - INFO - 已增量更新 510050 数据: 1 条新记录
2025-12-15 15:53:09,405 - ai_trader - INFO - 生成 510050 的AI决策
2025-12-15 15:53:13,585 - ai_trader - INFO - 510050 AI决策: hold 置信度: 0.65
2025-12-15 15:53:13,585 - ai_trader - INFO - 获取 159915 数据
2025-12-15 15:53:13,588 - ai_trader - INFO - 正在获取 159915 的数据...
2025-12-15 15:53:13,822 - ai_trader - INFO - 成功获取 159915 数据（尝试1）：464 条
2025-12-15 15:53:15,726 - ai_trader - INFO - 已增量更新 159915 数据: 1 条新记录
2025-12-15 15:53:17,237 - ai_trader - INFO - 生成 159915 的AI决策
2025-12-15 15:53:20,725 - ai_trader - INFO - 159915 AI决策: hold 置信度: 0.65
2025-12-15 15:53:20,725 - ai_trader - INFO - 获取 510300 数据
2025-12-15 15:53:20,733 - ai_trader - INFO - 正在获取 510300 的数据...
2025-12-15 15:53:20,976 - ai_trader - INFO - 成功获取 510300 数据（尝试1）：464 条
2025-12-15 15:53:22,682 - ai_trader - INFO - 已增量更新 510300 数据: 1 条新记录
2025-12-15 15:53:24,213 - ai_trader - INFO - 生成 510300 的AI决策
2025-12-15 15:53:27,603 - ai_trader - INFO - 510300 AI决策: hold 置信度: 0.65
2025-12-15 15:53:27,629 - ai_trader - INFO - 检查止损止盈
2025-12-15 15:53:27,635 - ai_trader - INFO - 当前总资产(含持仓): 79895.50 元
2025-12-15 15:53:27,642 - ai_trader - INFO - 每日任务结束
2025-12-15 15:53:27,701 - ai_trader - INFO - 定时任务已启动 (每天 15:30 执行)
2025-12-15 20:43:35,412 - ai_trader - INFO - AI ETF Trader 启动中...
2025-12-15 20:43:35,414 - ai_trader - INFO - 每日任务开始: 2025-12-15 20:43:35
2025-12-15 20:43:35,415 - ai_trader - INFO - 获取 510050 数据
2025-12-15 20:43:35,417 - ai_trader - INFO - 正在获取 510050 的数据...
2025-12-15 20:43:35,871 - ai_trader - INFO - 成功获取 510050 数据（尝试1）：464 条
2025-12-15 20:43:37,424 - ai_trader - INFO - 510050 数据已是最新
2025-12-15 20:43:38,938 - ai_trader - INFO - 生成 510050 的AI决策
2025-12-15 20:43:42,513 - ai_trader - INFO - 510050 AI决策: buy 置信度: 0.65
2025-12-15 20:43:42,521 - ai_trader - INFO - 买入 510050: 2000.00 单位 @ 3.133, 总值: 6266.00
2025-12-15 20:43:42,528 - ai_trader - INFO - 获取 159915 数据
2025-12-15 20:43:42,531 - ai_trader - INFO - 正在获取 159915 的数据...
2025-12-15 20:43:42,863 - ai_trader - INFO - 成功获取 159915 数据（尝试1）：464 条
2025-12-15 20:43:44,082 - ai_trader - INFO - 159915 数据已是最新
2025-12-15 20:43:45,607 - ai_trader - INFO - 生成 159915 的AI决策
2025-12-15 20:43:48,141 - ai_trader - INFO - 159915 AI决策: buy 置信度: 0.65
2025-12-15 20:43:48,143 - ai_trader - INFO - 获取 510300 数据
2025-12-15 20:43:48,146 - ai_trader - INFO - 正在获取 510300 的数据...
2025-12-15 20:43:48,468 - ai_trader - INFO - 成功获取 510300 数据（尝试1）：464 条
2025-12-15 20:43:50,415 - ai_trader - INFO - 510300 数据已是最新
2025-12-15 20:43:51,938 - ai_trader - INFO - 生成 510300 的AI决策
2025-12-15 20:43:54,942 - ai_trader - INFO - 510300 AI决策: buy 置信度: 0.65
2025-12-15 20:43:54,945 - ai_trader - INFO - 买入 510300: 1200.00 单位 @ 4.667, 总值: 5600.40
2025-12-15 20:43:54,955 - ai_trader - INFO - 检查止损止盈
2025-12-15 20:43:54,956 - ai_trader - INFO - 当前总资产(含持仓): 79895.50 元
2025-12-15 20:43:54,958 - ai_trader - INFO - 每日任务结束
2025-12-15 20:43:54,968 - ai_trader - INFO - 定时任务已启动 (每天 15:30 执行)
2025-12-16 22:22:44,941 - ai_trader - INFO - AI ETF Trader 启动中...
2025-12-16 22:22:44,943 - ai_trader - INFO - 每日任务开始: 2025-12-16 22:22:44
2025-12-16 22:22:44,944 - ai_trader - INFO - 获取 510050 数据
2025-12-16 22:22:44,946 - ai_trader - INFO - 正在获取 510050 的数据...
2025-12-16 22:22:45,535 - ai_trader - INFO - 成功获取 510050 数据（尝试1）：464 条
2025-12-16 22:22:47,187 - ai_trader - INFO - 已增量更新 510050 数据: 1 条新记录
2025-12-16 22:22:48,705 - ai_trader - INFO - 生成 510050 的AI决策
2025-12-16 22:22:53,377 - ai_trader - INFO - 510050 AI决策: hold 置信度: 0.65
2025-12-16 22:22:53,381 - ai_trader - INFO - 获取 159915 数据
2025-12-16 22:22:53,381 - ai_trader - INFO - 正在获取 159915 的数据...
2025-12-16 22:22:53,786 - ai_trader - INFO - 成功获取 159915 数据（尝试1）：464 条
2025-12-16 22:22:55,806 - ai_trader - INFO - 已增量更新 159915 数据: 1 条新记录
2025-12-16 22:22:57,328 - ai_trader - INFO - 生成 159915 的AI决策
2025-12-16 22:23:00,352 - ai_trader - INFO - 159915 AI决策: hold 置信度: 0.65
2025-12-16 22:23:00,363 - ai_trader - INFO - 获取 510300 数据
2025-12-16 22:23:00,365 - ai_trader - INFO - 正在获取 510300 的数据...
2025-12-16 22:23:00,799 - ai_trader - INFO - 成功获取 510300 数据（尝试1）：464 条
2025-12-16 22:23:02,577 - ai_trader - INFO - 已增量更新 510300 数据: 1 条新记录
2025-12-16 22:23:04,111 - ai_trader - INFO - 生成 510300 的AI决策
2025-12-16 22:23:07,763 - ai_trader - INFO - 510300 AI决策: hold 置信度: 0.65
2025-12-16 22:23:07,773 - ai_trader - INFO - 检查止损止盈
2025-12-16 22:23:07,773 - ai_trader - WARNING - 159915 触发止损: 当前价 3.06 <= 止损价 3.107，执行卖出
2025-12-16 22:23:07,792 - ai_trader - INFO - 卖出 159915: 5000.00 单位 @ 3.060, 总值: 15300.00, 盈亏: -430.00
2025-12-16 22:23:07,793 - ai_trader - WARNING - 510050 触发止损: 当前价 3.103 <= 止损价 3.124，执行卖出
2025-12-16 22:23:07,795 - ai_trader - INFO - 卖出 510050: 2000.00 单位 @ 3.103, 总值: 6206.00, 盈亏: -60.00
2025-12-16 22:23:07,801 - ai_trader - INFO - 当前总资产(含持仓): 79479.10 元
2025-12-16 22:23:07,805 - ai_trader - INFO - 每日任务结束
2025-12-16 22:23:07,832 - ai_trader - INFO - 定时任务已启动 (每天 15:30 执行)
2025-12-17 21:51:00,874 - ai_trader - INFO - AI ETF Trader 启动中...
2025-12-17 21:51:00,875 - ai_trader - INFO - 每日任务开始: 2025-12-17 21:51:00
2025-12-17 21:51:00,877 - ai_trader - INFO - 获取 510050 数据
2025-12-17 21:51:00,879 - ai_trader - INFO - 正在获取 510050 的数据...
2025-12-17 21:51:01,956 - ai_trader - INFO - 成功获取 510050 数据（尝试1）：464 条
2025-12-17 21:51:03,323 - ai_trader - INFO - 已增量更新 510050 数据: 1 条新记录
2025-12-17 21:51:04,849 - ai_trader - INFO - 生成 510050 的AI决策
2025-12-17 21:51:09,996 - ai_trader - INFO - 510050 AI决策: hold 置信度: 0.65
2025-12-17 21:51:09,998 - ai_trader - INFO - 获取 159915 数据
2025-12-17 21:51:10,001 - ai_trader - INFO - 正在获取 159915 的数据...
2025-12-17 21:51:10,495 - ai_trader - INFO - 成功获取 159915 数据（尝试1）：464 条
2025-12-17 21:51:12,344 - ai_trader - INFO - 已增量更新 159915 数据: 1 条新记录
2025-12-17 21:51:13,856 - ai_trader - INFO - 生成 159915 的AI决策
2025-12-17 21:51:16,377 - ai_trader - INFO - 159915 AI决策: buy 置信度: 0.75
2025-12-17 21:51:16,384 - ai_trader - INFO - 买入 159915: 2300.00 单位 @ 3.164, 总值: 7277.20
2025-12-17 21:51:16,393 - ai_trader - INFO - 获取 510300 数据
2025-12-17 21:51:16,399 - ai_trader - INFO - 正在获取 510300 的数据...
2025-12-17 21:51:18,030 - ai_trader - INFO - 成功获取 510300 数据（尝试1）：464 条
2025-12-17 21:51:19,426 - ai_trader - INFO - 已增量更新 510300 数据: 1 条新记录
2025-12-17 21:51:20,944 - ai_trader - INFO - 生成 510300 的AI决策
2025-12-17 21:51:23,653 - ai_trader - INFO - 510300 AI决策: buy 置信度: 0.75
2025-12-17 21:51:23,672 - ai_trader - INFO - 检查止损止盈
2025-12-17 21:51:23,677 - ai_trader - INFO - 当前总资产(含持仓): 79573.90 元
2025-12-17 21:51:23,682 - ai_trader - INFO - 每日任务结束
2025-12-17 21:51:23,730 - ai_trader - INFO - 定时任务已启动 (每天 15:30 执行)
2025-12-18 21:36:31,460 - ai_trader - INFO - AI ETF Trader 启动中...
2025-12-18 21:36:31,460 - ai_trader - INFO - 每日任务开始: 2025-12-18 21:36:31
2025-12-18 21:36:31,460 - ai_trader - INFO - 获取 510050 数据
2025-12-18 21:36:31,464 - ai_trader - INFO - 正在获取 510050 的数据...
2025-12-18 21:36:32,186 - ai_trader - INFO - 成功获取 510050 数据（尝试1）：464 条
2025-12-18 21:36:33,566 - ai_trader - INFO - 已增量更新 510050 数据: 1 条新记录
2025-12-18 21:36:35,122 - ai_trader - INFO - 生成 510050 的AI决策
2025-12-18 21:36:38,839 - ai_trader - INFO - 510050 AI决策: hold 置信度: 0.65
2025-12-18 21:36:38,841 - ai_trader - INFO - 获取 159915 数据
2025-12-18 21:36:38,843 - ai_trader - INFO - 正在获取 159915 的数据...
2025-12-18 21:36:39,304 - ai_trader - INFO - 成功获取 159915 数据（尝试1）：464 条
2025-12-18 21:36:40,374 - ai_trader - INFO - 已增量更新 159915 数据: 1 条新记录
2025-12-18 21:36:41,896 - ai_trader - INFO - 生成 159915 的AI决策
2025-12-18 21:36:44,687 - ai_trader - INFO - 159915 AI决策: buy 置信度: 0.65
2025-12-18 21:36:44,697 - ai_trader - INFO - 获取 510300 数据
2025-12-18 21:36:44,699 - ai_trader - INFO - 正在获取 510300 的数据...
2025-12-18 21:36:45,201 - ai_trader - INFO - 成功获取 510300 数据（尝试1）：464 条
2025-12-18 21:36:46,662 - ai_trader - INFO - 已增量更新 510300 数据: 1 条新记录
2025-12-18 21:36:48,190 - ai_trader - INFO - 生成 510300 的AI决策
2025-12-18 21:36:51,111 - ai_trader - INFO - 510300 AI决策: buy 置信度: 0.65
2025-12-18 21:36:51,118 - ai_trader - INFO - 检查止损止盈
2025-12-18 21:36:51,130 - ai_trader - WARNING - 159915 触发止损: 当前价 3.092 <= 止损价 3.112，执行卖出
2025-12-18 21:36:51,140 - ai_trader - INFO - 卖出 159915: 2300.00 单位 @ 3.092, 总值: 7111.60, 盈亏: -165.60
2025-12-18 21:36:51,152 - ai_trader - INFO - 当前总资产(含持仓): 79371.10 元
2025-12-18 21:36:51,158 - ai_trader - INFO - 每日任务结束
2025-12-18 21:36:51,186 - ai_trader - INFO - 定时任务已启动 (每天 15:30 执行)
2025-12-19 21:16:56,620 - ai_trader - INFO - AI ETF Trader 启动中...
2025-12-19 21:16:56,623 - ai_trader - INFO - 每日任务开始: 2025-12-19 21:16:56
2025-12-19 21:16:56,623 - ai_trader - INFO - 获取 510050 数据
2025-12-19 21:16:56,626 - ai_trader - INFO - 正在获取 510050 的数据...
2025-12-19 21:17:00,815 - ai_trader - INFO - 成功获取 510050 数据（尝试1）：464 条
2025-12-19 21:17:02,207 - ai_trader - INFO - 已增量更新 510050 数据: 1 条新记录
2025-12-19 21:17:03,711 - ai_trader - INFO - 生成 510050 的AI决策
2025-12-19 21:17:08,279 - ai_trader - INFO - 510050 AI决策: hold 置信度: 0.65
2025-12-19 21:17:08,280 - ai_trader - INFO - 获取 159915 数据
2025-12-19 21:17:08,281 - ai_trader - INFO - 正在获取 159915 的数据...
2025-12-19 21:17:10,321 - ai_trader - INFO - 成功获取 159915 数据（尝试1）：464 条
2025-12-19 21:17:11,463 - ai_trader - INFO - 已增量更新 159915 数据: 1 条新记录
2025-12-19 21:17:12,995 - ai_trader - INFO - 生成 159915 的AI决策
2025-12-19 21:17:16,486 - ai_trader - INFO - 159915 AI决策: buy 置信度: 0.65
2025-12-19 21:17:16,489 - ai_trader - INFO - 买入 159915: 2300.00 单位 @ 3.107, 总值: 7146.10
2025-12-19 21:17:16,508 - ai_trader - INFO - 获取 510300 数据
2025-12-19 21:17:16,513 - ai_trader - INFO - 正在获取 510300 的数据...
2025-12-19 21:17:17,197 - ai_trader - INFO - 成功获取 510300 数据（尝试1）：464 条
2025-12-19 21:17:18,441 - ai_trader - INFO - 已增量更新 510300 数据: 1 条新记录
2025-12-19 21:17:19,958 - ai_trader - INFO - 生成 510300 的AI决策
2025-12-19 21:17:25,899 - ai_trader - INFO - 510300 AI决策: buy 置信度: 0.65
2025-12-19 21:17:25,924 - ai_trader - INFO - 检查止损止盈
2025-12-19 21:17:25,933 - ai_trader - INFO - 当前总资产(含持仓): 79395.10 元
2025-12-19 21:17:25,940 - ai_trader - INFO - 每日任务结束
2025-12-19 21:17:25,983 - ai_trader - INFO - 定时任务已启动 (每天 15:30 执行)
2025-12-22 23:20:11,338 - ai_trader - INFO - AI ETF Trader 启动中...
2025-12-22 23:20:11,339 - ai_trader - INFO - 每日任务开始: 2025-12-22 23:20:11
2025-12-22 23:20:11,340 - ai_trader - INFO - 获取 510050 数据
2025-12-22 23:20:11,341 - ai_trader - INFO - 正在获取 510050 的数据...
2025-12-22 23:20:11,705 - ai_trader - INFO - 成功获取 510050 数据（尝试1）：464 条
2025-12-22 23:20:12,805 - ai_trader - INFO - 已增量更新 510050 数据: 1 条新记录
2025-12-22 23:20:14,319 - ai_trader - INFO - 生成 510050 的AI决策
2025-12-22 23:20:17,363 - ai_trader - INFO - 510050 AI决策: hold 置信度: 0.65
2025-12-22 23:20:17,364 - ai_trader - INFO - 获取 159915 数据
2025-12-22 23:20:17,365 - ai_trader - INFO - 正在获取 159915 的数据...
2025-12-22 23:20:18,009 - ai_trader - INFO - 成功获取 159915 数据（尝试1）：464 条
2025-12-22 23:20:19,670 - ai_trader - INFO - 已增量更新 159915 数据: 1 条新记录
2025-12-22 23:20:21,192 - ai_trader - INFO - 生成 159915 的AI决策
2025-12-22 23:20:24,108 - ai_trader - INFO - 159915 AI决策: buy 置信度: 0.75
2025-12-22 23:20:24,109 - ai_trader - INFO - 获取 510300 数据
2025-12-22 23:20:24,111 - ai_trader - INFO - 正在获取 510300 的数据...
2025-12-22 23:20:24,548 - ai_trader - INFO - 成功获取 510300 数据（尝试1）：464 条
2025-12-22 23:20:25,776 - ai_trader - INFO - 已增量更新 510300 数据: 1 条新记录
2025-12-22 23:20:27,282 - ai_trader - INFO - 生成 510300 的AI决策
2025-12-22 23:20:29,417 - ai_trader - INFO - 510300 AI决策: buy 置信度: 0.75
2025-12-22 23:20:29,422 - ai_trader - INFO - 检查止损止盈
2025-12-22 23:20:29,424 - ai_trader - WARNING - 159915 触发止盈: 当前价 3.175 >= 止盈价 3.165，执行卖出
2025-12-22 23:20:29,426 - ai_trader - INFO - 卖出 159915: 2300.00 单位 @ 3.175, 总值: 7302.50, 盈亏: 156.40
2025-12-22 23:20:29,431 - ai_trader - INFO - 当前总资产(含持仓): 79601.90 元
2025-12-22 23:20:29,433 - ai_trader - INFO - 每日任务结束
2025-12-22 23:20:29,445 - ai_trader - INFO - 定时任务已启动 (每天 15:30 执行)
2025-12-23 19:28:38,437 - ai_trader - INFO - AI ETF Trader 启动中...
2025-12-23 19:28:38,440 - ai_trader - INFO - 每日任务开始: 2025-12-23 19:28:38
2025-12-23 19:28:38,441 - ai_trader - INFO - 获取 510050 数据
2025-12-23 19:28:38,444 - ai_trader - INFO - 正在获取 510050 的数据...
2025-12-23 19:28:39,134 - ai_trader - INFO - 成功获取 510050 数据（尝试1）：464 条
2025-12-23 19:28:41,140 - ai_trader - INFO - 已增量更新 510050 数据: 1 条新记录
2025-12-23 19:28:42,652 - ai_trader - INFO - 生成 510050 的AI决策
2025-12-23 19:28:48,117 - ai_trader - INFO - 510050 AI决策: hold 置信度: 0.65
2025-12-23 19:28:48,118 - ai_trader - INFO - 获取 159915 数据
2025-12-23 19:28:48,120 - ai_trader - INFO - 正在获取 159915 的数据...
2025-12-23 19:28:49,331 - ai_trader - INFO - 成功获取 159915 数据（尝试1）：464 条
2025-12-23 19:28:51,244 - ai_trader - INFO - 已增量更新 159915 数据: 1 条新记录
2025-12-23 19:28:52,751 - ai_trader - INFO - 生成 159915 的AI决策
2025-12-23 19:28:55,708 - ai_trader - INFO - 159915 AI决策: buy 置信度: 0.75
2025-12-23 19:28:55,713 - ai_trader - INFO - 买入 159915: 2300.00 单位 @ 3.185, 总值: 7325.50
2025-12-23 19:28:55,719 - ai_trader - INFO - 获取 510300 数据
2025-12-23 19:28:55,722 - ai_trader - INFO - 正在获取 510300 的数据...
2025-12-23 19:28:58,934 - ai_trader - INFO - 成功获取 510300 数据（尝试1）：464 条
2025-12-23 19:29:00,533 - ai_trader - INFO - 已增量更新 510300 数据: 1 条新记录
2025-12-23 19:29:02,047 - ai_trader - INFO - 生成 510300 的AI决策
2025-12-23 19:29:05,156 - ai_trader - INFO - 510300 AI决策: buy 置信度: 0.75
2025-12-23 19:29:05,172 - ai_trader - INFO - 检查止损止盈
2025-12-23 19:29:05,172 - ai_trader - INFO - 当前总资产(含持仓): 79613.90 元
2025-12-23 19:29:05,192 - ai_trader - INFO - 每日任务结束
2025-12-23 19:29:05,237 - ai_trader - INFO - 定时任务已启动 (每天 15:30 执行)
2025-12-24 20:28:38,082 - ai_trader - INFO - AI ETF Trader 启动中...
2025-12-24 20:28:38,090 - ai_trader - INFO - 每日任务开始: 2025-12-24 20:28:38
2025-12-24 20:28:38,090 - ai_trader - INFO - 获取 510050 数据
2025-12-24 20:28:38,092 - ai_trader - INFO - 正在获取 510050 的数据...
2025-12-24 20:28:38,467 - ai_trader - INFO - 成功获取 510050 数据（尝试1）：464 条
2025-12-24 20:28:40,384 - ai_trader - INFO - 已增量更新 510050 数据: 1 条新记录
2025-12-24 20:28:41,911 - ai_trader - INFO - 生成 510050 的AI决策
2025-12-24 20:28:45,673 - ai_trader - INFO - 510050 AI决策: hold 置信度: 0.65
2025-12-24 20:28:45,674 - ai_trader - INFO - 获取 159915 数据
2025-12-24 20:28:45,675 - ai_trader - INFO - 正在获取 159915 的数据...
2025-12-24 20:28:45,893 - ai_trader - INFO - 成功获取 159915 数据（尝试1）：464 条
2025-12-24 20:28:47,333 - ai_trader - INFO - 已增量更新 159915 数据: 1 条新记录
2025-12-24 20:28:48,842 - ai_trader - INFO - 生成 159915 的AI决策
2025-12-24 20:28:51,341 - ai_trader - INFO - 159915 AI决策: buy 置信度: 0.75
2025-12-24 20:28:51,343 - ai_trader - INFO - 获取 510300 数据
2025-12-24 20:28:51,344 - ai_trader - INFO - 正在获取 510300 的数据...
2025-12-24 20:28:51,662 - ai_trader - INFO - 成功获取 510300 数据（尝试1）：464 条
2025-12-24 20:28:53,428 - ai_trader - INFO - 已增量更新 510300 数据: 1 条新记录
2025-12-24 20:28:54,937 - ai_trader - INFO - 生成 510300 的AI决策
2025-12-24 20:28:57,842 - ai_trader - INFO - 510300 AI决策: buy 置信度: 0.65
2025-12-24 20:28:57,843 - ai_trader - INFO - 检查止损止盈
2025-12-24 20:28:57,843 - ai_trader - INFO - 当前总资产(含持仓): 79696.40 元
2025-12-24 20:28:57,850 - ai_trader - INFO - 每日任务结束
2025-12-24 20:28:57,914 - ai_trader - INFO - 定时任务已启动 (每天 15:30 执行)
2025-12-25 18:41:37,719 - ai_trader - INFO - AI ETF Trader 启动中...
2025-12-25 18:41:37,720 - ai_trader - INFO - 每日任务开始: 2025-12-25 18:41:37
2025-12-25 18:41:37,721 - ai_trader - INFO - 获取 510050 数据
2025-12-25 18:41:37,723 - ai_trader - INFO - 正在获取 510050 的数据...
2025-12-25 18:41:38,091 - ai_trader - INFO - 成功获取 510050 数据（尝试1）：464 条
2025-12-25 18:41:39,566 - ai_trader - INFO - 已增量更新 510050 数据: 1 条新记录
2025-12-25 18:41:41,088 - ai_trader - INFO - 生成 510050 的AI决策
2025-12-25 18:41:45,033 - ai_trader - INFO - 510050 AI决策: hold 置信度: 0.65
2025-12-25 18:41:45,033 - ai_trader - INFO - 获取 159915 数据
2025-12-25 18:41:45,035 - ai_trader - INFO - 正在获取 159915 的数据...
2025-12-25 18:41:45,317 - ai_trader - INFO - 成功获取 159915 数据（尝试1）：464 条
2025-12-25 18:41:46,681 - ai_trader - INFO - 已增量更新 159915 数据: 1 条新记录
2025-12-25 18:41:48,198 - ai_trader - INFO - 生成 159915 的AI决策
2025-12-25 18:41:51,154 - ai_trader - INFO - 159915 AI决策: buy 置信度: 0.85
2025-12-25 18:41:51,156 - ai_trader - INFO - 获取 510300 数据
2025-12-25 18:41:51,158 - ai_trader - INFO - 正在获取 510300 的数据...
2025-12-25 18:41:51,453 - ai_trader - INFO - 成功获取 510300 数据（尝试1）：464 条
2025-12-25 18:41:53,350 - ai_trader - INFO - 已增量更新 510300 数据: 1 条新记录
2025-12-25 18:41:54,867 - ai_trader - INFO - 生成 510300 的AI决策
2025-12-25 18:41:58,063 - ai_trader - INFO - 510300 AI决策: buy 置信度: 0.75
2025-12-25 18:41:58,071 - ai_trader - INFO - 检查止损止盈
2025-12-25 18:41:58,073 - ai_trader - INFO - 当前总资产(含持仓): 79730.20 元
2025-12-25 18:41:58,078 - ai_trader - INFO - 每日任务结束
2025-12-25 18:41:58,102 - ai_trader - INFO - 定时任务已启动 (每天 15:30 执行)
2025-12-26 22:28:56,736 - ai_trader - INFO - AI ETF Trader 启动中...
2025-12-26 22:28:56,738 - ai_trader - INFO - 每日任务开始: 2025-12-26 22:28:56
2025-12-26 22:28:56,739 - ai_trader - INFO - 获取 510050 数据
2025-12-26 22:28:56,741 - ai_trader - INFO - 正在获取 510050 的数据...
2025-12-26 22:28:57,167 - ai_trader - INFO - 成功获取 510050 数据（尝试1）：464 条
2025-12-26 22:28:58,946 - ai_trader - INFO - 已增量更新 510050 数据: 1 条新记录
2025-12-26 22:29:00,469 - ai_trader - INFO - 生成 510050 的AI决策
2025-12-26 22:29:04,548 - ai_trader - INFO - 510050 AI决策: buy 置信度: 0.65
2025-12-26 22:29:04,552 - ai_trader - INFO - 买入 510050: 2100.00 单位 @ 3.120, 总值: 6552.00
2025-12-26 22:29:04,556 - ai_trader - INFO - 获取 159915 数据
2025-12-26 22:29:04,558 - ai_trader - INFO - 正在获取 159915 的数据...
2025-12-26 22:29:04,877 - ai_trader - INFO - 成功获取 159915 数据（尝试1）：464 条
2025-12-26 22:29:06,777 - ai_trader - INFO - 已增量更新 159915 数据: 1 条新记录
2025-12-26 22:29:08,292 - ai_trader - INFO - 生成 159915 的AI决策
2025-12-26 22:29:11,501 - ai_trader - INFO - 159915 AI决策: buy 置信度: 0.75
2025-12-26 22:29:11,502 - ai_trader - INFO - 获取 510300 数据
2025-12-26 22:29:11,505 - ai_trader - INFO - 正在获取 510300 的数据...
2025-12-26 22:29:11,821 - ai_trader - INFO - 成功获取 510300 数据（尝试1）：464 条
2025-12-26 22:29:12,930 - ai_trader - INFO - 已增量更新 510300 数据: 1 条新记录
2025-12-26 22:29:14,445 - ai_trader - INFO - 生成 510300 的AI决策
2025-12-26 22:29:17,129 - ai_trader - INFO - 510300 AI决策: buy 置信度: 0.65
2025-12-26 22:29:17,135 - ai_trader - INFO - 检查止损止盈
2025-12-26 22:29:17,138 - ai_trader - INFO - 当前总资产(含持仓): 79761.00 元
2025-12-26 22:29:17,140 - ai_trader - INFO - 每日任务结束
2025-12-26 22:29:17,155 - ai_trader - INFO - 定时任务已启动 (每天 15:30 执行)
2025-12-27 18:10:46,067 - ai_trader - INFO - AI ETF Trader 启动中...
2025-12-27 18:10:46,069 - ai_trader - INFO - 每日任务开始: 2025-12-27 18:10:46
2025-12-27 18:10:46,070 - ai_trader - INFO - 获取 510050 数据
2025-12-27 18:10:46,072 - ai_trader - INFO - 正在获取 510050 的数据...
2025-12-27 18:10:46,422 - ai_trader - INFO - 成功获取 510050 数据（尝试1）：463 条
2025-12-27 18:10:48,411 - ai_trader - INFO - 510050 数据已是最新
2025-12-27 18:10:49,928 - ai_trader - INFO - 生成 510050 的AI决策
2025-12-27 18:10:53,459 - ai_trader - INFO - 510050 AI决策: buy 置信度: 0.65
2025-12-27 18:10:53,461 - ai_trader - INFO - 获取 159915 数据
2025-12-27 18:10:53,464 - ai_trader - INFO - 正在获取 159915 的数据...
2025-12-27 18:10:53,697 - ai_trader - INFO - 成功获取 159915 数据（尝试1）：463 条
2025-12-27 18:10:54,816 - ai_trader - INFO - 159915 数据已是最新
2025-12-27 18:10:56,332 - ai_trader - INFO - 生成 159915 的AI决策
2025-12-27 18:10:58,789 - ai_trader - INFO - 159915 AI决策: buy 置信度: 0.75
2025-12-27 18:10:58,790 - ai_trader - INFO - 获取 510300 数据
2025-12-27 18:10:58,792 - ai_trader - INFO - 正在获取 510300 的数据...
2025-12-27 18:10:58,988 - ai_trader - INFO - 成功获取 510300 数据（尝试1）：463 条
2025-12-27 18:11:00,693 - ai_trader - INFO - 510300 数据已是最新
2025-12-27 18:11:02,204 - ai_trader - INFO - 生成 510300 的AI决策
2025-12-27 18:11:05,023 - ai_trader - INFO - 510300 AI决策: buy 置信度: 0.65
2025-12-27 18:11:05,040 - ai_trader - INFO - 检查止损止盈
2025-12-27 18:11:05,042 - ai_trader - INFO - 当前总资产(含持仓): 79761.00 元
2025-12-27 18:11:05,044 - ai_trader - INFO - 每日任务结束
2025-12-27 18:11:05,057 - ai_trader - INFO - 定时任务已启动 (每天 15:30 执行)
2025-12-28 18:03:09,145 - ai_trader - INFO - AI ETF Trader 启动中...
2025-12-28 18:03:09,146 - ai_trader - INFO - 每日任务开始: 2025-12-28 18:03:09
2025-12-28 18:03:09,146 - ai_trader - INFO - 获取 510050 数据
2025-12-28 18:03:09,146 - ai_trader - INFO - 正在获取 510050 的数据...
2025-12-28 18:03:09,421 - ai_trader - INFO - 成功获取 510050 数据（尝试1）：463 条
2025-12-28 18:03:10,923 - ai_trader - INFO - 510050 数据已是最新
2025-12-28 18:03:12,443 - ai_trader - INFO - 生成 510050 的AI决策
2025-12-28 18:03:18,485 - ai_trader - INFO - 510050 AI决策: buy 置信度: 0.65
2025-12-28 18:03:18,486 - ai_trader - INFO - 获取 159915 数据
2025-12-28 18:03:18,488 - ai_trader - INFO - 正在获取 159915 的数据...
2025-12-28 18:03:18,714 - ai_trader - INFO - 成功获取 159915 数据（尝试1）：463 条
2025-12-28 18:03:20,296 - ai_trader - INFO - 159915 数据已是最新
2025-12-28 18:03:21,814 - ai_trader - INFO - 生成 159915 的AI决策
2025-12-28 18:03:24,120 - ai_trader - INFO - 159915 AI决策: buy 置信度: 0.75
2025-12-28 18:03:24,122 - ai_trader - INFO - 加仓买入 159915: 200.00 单位 @ 3.226, 总值: 645.20
2025-12-28 18:03:24,128 - ai_trader - INFO - 获取 510300 数据
2025-12-28 18:03:24,131 - ai_trader - INFO - 正在获取 510300 的数据...
2025-12-28 18:03:24,365 - ai_trader - INFO - 成功获取 510300 数据（尝试1）：463 条
2025-12-28 18:03:26,289 - ai_trader - INFO - 510300 数据已是最新
2025-12-28 18:03:27,811 - ai_trader - INFO - 生成 510300 的AI决策
2025-12-28 18:03:30,284 - ai_trader - INFO - 510300 AI决策: buy 置信度: 0.65
2025-12-28 18:03:30,307 - ai_trader - INFO - 加仓买入 510300: 200.00 单位 @ 4.784, 总值: 956.80
2025-12-28 18:03:30,335 - ai_trader - INFO - 检查止损止盈
2025-12-28 18:03:30,339 - ai_trader - INFO - 当前总资产(含持仓): 79761.00 元
2025-12-28 18:03:30,344 - ai_trader - INFO - 每日任务结束
2025-12-28 18:03:30,382 - ai_trader - INFO - 定时任务已启动 (每天 15:30 执行)
2025-12-29 19:57:13,927 - ai_trader - INFO - AI ETF Trader 启动中...
2025-12-29 19:57:13,927 - ai_trader - INFO - 每日任务开始: 2025-12-29 19:57:13
2025-12-29 19:57:13,927 - ai_trader - INFO - 获取 510050 数据
2025-12-29 19:57:13,927 - ai_trader - INFO - 正在获取 510050 的数据...
2025-12-29 19:57:14,400 - ai_trader - INFO - 成功获取 510050 数据（尝试1）：464 条
2025-12-29 19:57:16,269 - ai_trader - INFO - 已增量更新 510050 数据: 1 条新记录
2025-12-29 19:57:17,778 - ai_trader - INFO - 生成 510050 的AI决策
2025-12-29 19:57:21,967 - ai_trader - INFO - 510050 AI决策: hold 置信度: 0.65
2025-12-29 19:57:21,968 - ai_trader - INFO - 获取 159915 数据
2025-12-29 19:57:21,969 - ai_trader - INFO - 正在获取 159915 的数据...
2025-12-29 19:57:22,301 - ai_trader - INFO - 成功获取 159915 数据（尝试1）：464 条
2025-12-29 19:57:23,504 - ai_trader - INFO - 已增量更新 159915 数据: 1 条新记录
2025-12-29 19:57:25,015 - ai_trader - INFO - 生成 159915 的AI决策
2025-12-29 19:57:27,679 - ai_trader - INFO - 159915 AI决策: buy 置信度: 0.75
2025-12-29 19:57:27,682 - ai_trader - INFO - 加仓买入 159915: 200.00 单位 @ 3.205, 总值: 641.00
2025-12-29 19:57:27,686 - ai_trader - INFO - 获取 510300 数据
2025-12-29 19:57:27,689 - ai_trader - INFO - 正在获取 510300 的数据...
2025-12-29 19:57:28,035 - ai_trader - INFO - 成功获取 510300 数据（尝试1）：464 条
2025-12-29 19:57:29,562 - ai_trader - INFO - 已增量更新 510300 数据: 1 条新记录
2025-12-29 19:57:31,072 - ai_trader - INFO - 生成 510300 的AI决策
2025-12-29 19:57:33,835 - ai_trader - INFO - 510300 AI决策: buy 置信度: 0.65
2025-12-29 19:57:33,845 - ai_trader - INFO - 加仓买入 510300: 200.00 单位 @ 4.763, 总值: 952.60
2025-12-29 19:57:33,852 - ai_trader - INFO - 检查止损止盈
2025-12-29 19:57:33,853 - ai_trader - INFO - 当前总资产(含持仓): 79656.00 元
2025-12-29 19:57:33,855 - ai_trader - INFO - 每日任务结束
2025-12-29 19:57:33,866 - ai_trader - INFO - 定时任务已启动 (每天 15:30 执行)
2025-12-30 20:21:20,177 - ai_trader - INFO - AI ETF Trader 启动中...
2025-12-30 20:21:20,183 - ai_trader - INFO - 每日任务开始: 2025-12-30 20:21:20
2025-12-30 20:21:20,184 - ai_trader - INFO - 获取 510050 数据
2025-12-30 20:21:20,187 - ai_trader - INFO - 正在获取 510050 的数据...
2025-12-30 20:21:20,582 - ai_trader - INFO - 成功获取 510050 数据（尝试1）：464 条
2025-12-30 20:21:22,532 - ai_trader - INFO - 已增量更新 510050 数据: 1 条新记录
2025-12-30 20:21:24,035 - ai_trader - INFO - 生成 510050 的AI决策
2025-12-30 20:21:28,884 - ai_trader - INFO - 510050 AI决策: hold 置信度: 0.65
2025-12-30 20:21:28,884 - ai_trader - INFO - 获取 159915 数据
2025-12-30 20:21:28,884 - ai_trader - INFO - 正在获取 159915 的数据...
2025-12-30 20:21:29,143 - ai_trader - INFO - 成功获取 159915 数据（尝试1）：464 条
2025-12-30 20:21:31,117 - ai_trader - INFO - 已增量更新 159915 数据: 1 条新记录
2025-12-30 20:21:32,621 - ai_trader - INFO - 生成 159915 的AI决策
2025-12-30 20:21:34,651 - ai_trader - INFO - 159915 AI决策: buy 置信度: 0.75
2025-12-30 20:21:34,661 - ai_trader - INFO - 加仓买入 159915: 200.00 单位 @ 3.229, 总值: 645.80
2025-12-30 20:21:34,666 - ai_trader - INFO - 获取 510300 数据
2025-12-30 20:21:34,669 - ai_trader - INFO - 正在获取 510300 的数据...
2025-12-30 20:21:34,974 - ai_trader - INFO - 成功获取 510300 数据（尝试1）：464 条
2025-12-30 20:21:36,594 - ai_trader - INFO - 已增量更新 510300 数据: 1 条新记录
2025-12-30 20:21:38,107 - ai_trader - INFO - 生成 510300 的AI决策
2025-12-30 20:21:41,319 - ai_trader - INFO - 510300 AI决策: buy 置信度: 0.65
2025-12-30 20:21:41,324 - ai_trader - INFO - 加仓买入 510300: 200.00 单位 @ 4.773, 总值: 954.60
2025-12-30 20:21:41,328 - ai_trader - INFO - 检查止损止盈
2025-12-30 20:21:41,334 - ai_trader - INFO - 当前总资产(含持仓): 79734.70 元
2025-12-30 20:21:41,335 - ai_trader - INFO - 每日任务结束
2025-12-30 20:21:41,351 - ai_trader - INFO - 定时任务已启动 (每天 15:30 执行)
2025-12-31 22:02:19,658 - ai_trader - INFO - AI ETF Trader 启动中...
2025-12-31 22:02:19,661 - ai_trader - INFO - 每日任务开始: 2025-12-31 22:02:19
2025-12-31 22:02:19,661 - ai_trader - INFO - 获取 510050 数据
2025-12-31 22:02:19,664 - ai_trader - INFO - 正在获取 510050 的数据...
2025-12-31 22:02:20,085 - ai_trader - INFO - 成功获取 510050 数据（尝试1）：464 条
2025-12-31 22:02:21,706 - ai_trader - INFO - 已增量更新 510050 数据: 1 条新记录
2025-12-31 22:02:23,211 - ai_trader - INFO - 生成 510050 的AI决策
2025-12-31 22:02:27,023 - ai_trader - INFO - 510050 AI决策: hold 置信度: 0.65
2025-12-31 22:02:27,023 - ai_trader - INFO - 获取 159915 数据
2025-12-31 22:02:27,037 - ai_trader - INFO - 正在获取 159915 的数据...
2025-12-31 22:02:27,288 - ai_trader - INFO - 成功获取 159915 数据（尝试1）：464 条
2025-12-31 22:02:28,390 - ai_trader - INFO - 已增量更新 159915 数据: 1 条新记录
2025-12-31 22:02:29,905 - ai_trader - INFO - 生成 159915 的AI决策
2025-12-31 22:02:32,681 - ai_trader - INFO - 159915 AI决策: buy 置信度: 0.75
2025-12-31 22:02:32,683 - ai_trader - INFO - 获取 510300 数据
2025-12-31 22:02:32,685 - ai_trader - INFO - 正在获取 510300 的数据...
2025-12-31 22:02:33,013 - ai_trader - INFO - 成功获取 510300 数据（尝试1）：464 条
2025-12-31 22:02:34,292 - ai_trader - INFO - 已增量更新 510300 数据: 1 条新记录
2025-12-31 22:02:35,804 - ai_trader - INFO - 生成 510300 的AI决策
2025-12-31 22:02:38,829 - ai_trader - INFO - 510300 AI决策: buy 置信度: 0.65
2025-12-31 22:02:38,844 - ai_trader - INFO - 加仓买入 510300: 200.00 单位 @ 4.753, 总值: 950.60
2025-12-31 22:02:38,853 - ai_trader - INFO - 检查止损止盈
2025-12-31 22:02:38,853 - ai_trader - INFO - 当前总资产(含持仓): 79567.70 元
2025-12-31 22:02:38,858 - ai_trader - INFO - 每日任务结束
2025-12-31 22:02:38,875 - ai_trader - INFO - 定时任务已启动 (每天 15:30 执行)
2026-01-03 21:10:14,471 - ai_trader - INFO - AI ETF Trader 启动中...
2026-01-03 21:10:14,471 - ai_trader - INFO - 每日任务开始: 2026-01-03 21:10:14
2026-01-03 21:10:14,471 - ai_trader - INFO - 获取 510050 数据
2026-01-03 21:10:14,471 - ai_trader - INFO - 正在获取 510050 的数据...
2026-01-03 21:10:15,496 - ai_trader - INFO - 成功获取 510050 数据（尝试1）：461 条
2026-01-03 21:10:16,721 - ai_trader - INFO - 510050 数据已是最新
2026-01-03 21:10:18,240 - ai_trader - INFO - 生成 510050 的AI决策
2026-01-03 21:10:22,263 - ai_trader - INFO - 510050 AI决策: hold 置信度: 0.65
2026-01-03 21:10:22,265 - ai_trader - INFO - 获取 159915 数据
2026-01-03 21:10:22,267 - ai_trader - INFO - 正在获取 159915 的数据...
2026-01-03 21:10:23,446 - ai_trader - INFO - 成功获取 159915 数据（尝试1）：461 条
2026-01-03 21:10:24,600 - ai_trader - INFO - 159915 数据已是最新
2026-01-03 21:10:26,115 - ai_trader - INFO - 生成 159915 的AI决策
2026-01-03 21:10:28,576 - ai_trader - INFO - 159915 AI决策: buy 置信度: 0.75
2026-01-03 21:10:28,577 - ai_trader - INFO - 获取 510300 数据
2026-01-03 21:10:28,579 - ai_trader - INFO - 正在获取 510300 的数据...
2026-01-03 21:10:29,640 - ai_trader - INFO - 成功获取 510300 数据（尝试1）：461 条
2026-01-03 21:10:31,473 - ai_trader - INFO - 510300 数据已是最新
2026-01-03 21:10:32,988 - ai_trader - INFO - 生成 510300 的AI决策
2026-01-03 21:10:35,802 - ai_trader - INFO - 510300 AI决策: buy 置信度: 0.65
2026-01-03 21:10:35,803 - ai_trader - INFO - 加仓买入 510300: 200.00 单位 @ 4.753, 总值: 950.60
2026-01-03 21:10:35,810 - ai_trader - INFO - 检查止损止盈
2026-01-03 21:10:35,810 - ai_trader - INFO - 当前总资产(含持仓): 79567.70 元
2026-01-03 21:10:35,816 - ai_trader - INFO - 每日任务结束
2026-01-03 21:10:35,830 - ai_trader - INFO - 定时任务已启动 (每天 15:30 执行)
2026-01-04 22:19:32,894 - ai_trader - INFO - AI ETF Trader 启动中...
2026-01-04 22:19:32,898 - ai_trader - INFO - 每日任务开始: 2026-01-04 22:19:32
2026-01-04 22:19:32,898 - ai_trader - INFO - 获取 510050 数据
2026-01-04 22:19:32,899 - ai_trader - INFO - 正在获取 510050 的数据...
2026-01-04 22:19:33,285 - ai_trader - INFO - 成功获取 510050 数据（尝试1）：461 条
2026-01-04 22:19:34,597 - ai_trader - INFO - 510050 数据已是最新
2026-01-04 22:19:36,107 - ai_trader - INFO - 生成 510050 的AI决策
2026-01-04 22:19:39,868 - ai_trader - INFO - 510050 AI决策: hold 置信度: 0.65
2026-01-04 22:19:39,870 - ai_trader - INFO - 获取 159915 数据
2026-01-04 22:19:39,871 - ai_trader - INFO - 正在获取 159915 的数据...
2026-01-04 22:19:40,179 - ai_trader - INFO - 成功获取 159915 数据（尝试1）：461 条
2026-01-04 22:19:41,405 - ai_trader - INFO - 159915 数据已是最新
2026-01-04 22:19:42,910 - ai_trader - INFO - 生成 159915 的AI决策
2026-01-04 22:19:46,028 - ai_trader - INFO - 159915 AI决策: buy 置信度: 0.75
2026-01-04 22:19:46,028 - ai_trader - INFO - 获取 510300 数据
2026-01-04 22:19:46,029 - ai_trader - INFO - 正在获取 510300 的数据...
2026-01-04 22:19:46,310 - ai_trader - INFO - 成功获取 510300 数据（尝试1）：461 条
2026-01-04 22:19:47,702 - ai_trader - INFO - 510300 数据已是最新
2026-01-04 22:19:49,213 - ai_trader - INFO - 生成 510300 的AI决策
2026-01-04 22:19:52,212 - ai_trader - INFO - 510300 AI决策: buy 置信度: 0.65
2026-01-04 22:19:52,232 - ai_trader - INFO - 加仓买入 510300: 200.00 单位 @ 4.753, 总值: 950.60
2026-01-04 22:19:52,256 - ai_trader - INFO - 检查止损止盈
2026-01-04 22:19:52,258 - ai_trader - INFO - 当前总资产(含持仓): 79567.70 元
2026-01-04 22:19:52,263 - ai_trader - INFO - 每日任务结束
2026-01-04 22:19:52,281 - ai_trader - INFO - 定时任务已启动 (每天 15:30 执行)
